2025-09-25 12:32:19,260 [ERROR] LogOutputStream:75 - [STDERR_REDIRECT] 12:32:19.250 ERROR Chromium process exit code: -2,147,483,645
2025-09-25 12:32:19,387 [ERROR] LogOutputStream:75 - [STDERR_REDIRECT] 
2025-09-25 12:32:19,391 [ERROR] LogOutputStream:75 - [STDERR_REDIRECT] 12:32:19.387 ERROR Crash dump dir: C:\Users\enriq\AppData\Local\JxBrowser\7.38.2\CrashReports
2025-09-25 12:32:19,392 [ERROR] LogOutputStream:75 - [STDERR_REDIRECT] 
2025-09-25 12:32:19,393 [ERROR] WebApp:397 - JxBrowser engine crashed! Exit code: -2147483645
2025-09-25 16:43:15,458 [INFO] MainUpdater:2873 - connection check result : 10
2025-09-25 16:43:15,623 [INFO] McuFinderGlobals:76 - Set McuFinderConnectedMode to true
2025-09-25 16:43:15,626 [INFO] MultiScanPanel:200 - Auto-refresh data requested => check proxy status ongoing
2025-09-25 16:43:15,626 [INFO] FinderPluginLoader:95 - Searching for filters in installed packs
2025-09-25 16:43:16,856 [INFO] LoadUrlFilesThread:185 - End of LoadServerUrlFiles without Thread
2025-09-25 16:43:16,856 [INFO] DetailPanel:341 - Set advertising image to C:/Users/enriq/STM32Cube/Repository/\en.2400x1350px.jpeg
2025-09-25 16:43:43,474 [INFO] MainUpdater:2873 - connection check result : 10
2025-09-25 16:43:43,474 [INFO] MainUpdater:2873 - connection check result : 10
2025-09-25 16:43:43,642 [INFO] MicroXplorer:468 - Change Database Path : 
2025-09-25 16:43:43,643 [INFO] MicroXplorer:498 - Change Database Version : DB.6.0.121
2025-09-25 16:43:43,759 [ERROR] ProjectManagerView:394 - 
java.lang.NullPointerException: Cannot invoke "javax.swing.JTextField.getText()" because the return value of "java.util.List.get(int)" is null
	at com.st.microxplorer.plugins.projectmanager.gui.ProjectChoiceTab$10.caretUpdate(ProjectChoiceTab.java:2622) ~[filemanager.jar:?]
	at javax.swing.text.JTextComponent.fireCaretUpdate(JTextComponent.java:412) ~[?:?]
	at javax.swing.text.JTextComponent$MutableCaretEvent.fire(JTextComponent.java:4491) ~[?:?]
	at javax.swing.text.JTextComponent$MutableCaretEvent.stateChanged(JTextComponent.java:4513) ~[?:?]
	at javax.swing.text.DefaultCaret.fireStateChanged(DefaultCaret.java:842) ~[?:?]
	at javax.swing.text.DefaultCaret.changeCaretPosition(DefaultCaret.java:1313) ~[?:?]
	at javax.swing.text.DefaultCaret.handleSetDot(DefaultCaret.java:1212) ~[?:?]
	at javax.swing.text.DefaultCaret.setDot(DefaultCaret.java:1193) ~[?:?]
	at javax.swing.text.DefaultCaret$Handler.insertUpdate(DefaultCaret.java:1789) ~[?:?]
	at javax.swing.text.AbstractDocument.fireInsertUpdate(AbstractDocument.java:226) ~[?:?]
	at javax.swing.text.AbstractDocument.handleInsertString(AbstractDocument.java:780) ~[?:?]
	at javax.swing.text.AbstractDocument.insertString(AbstractDocument.java:739) ~[?:?]
	at javax.swing.text.PlainDocument.insertString(PlainDocument.java:131) ~[?:?]
	at javax.swing.text.AbstractDocument.replace(AbstractDocument.java:698) ~[?:?]
	at javax.swing.text.JTextComponent.setText(JTextComponent.java:1729) ~[?:?]
	at com.st.microxplorer.plugins.projectmanager.gui.ProjectChoiceTab.createHeapStackFields(ProjectChoiceTab.java:972) ~[filemanager.jar:?]
	at com.st.microxplorer.plugins.projectmanager.gui.ProjectChoiceTab.buildLinkSettingsPanel(ProjectChoiceTab.java:3597) ~[filemanager.jar:?]
	at com.st.microxplorer.plugins.projectmanager.gui.ProjectChoiceTab.defineWindowsFields(ProjectChoiceTab.java:1940) ~[filemanager.jar:?]
	at com.st.microxplorer.plugins.projectmanager.gui.ProjectChoiceTab.updateSettings(ProjectChoiceTab.java:550) ~[filemanager.jar:?]
	at com.st.microxplorer.plugins.projectmanager.gui.ProjectSettingsPanel.UpdateDialog(ProjectSettingsPanel.java:245) ~[filemanager.jar:?]
	at com.st.microxplorer.plugins.projectmanager.ProjectManagerView.propertyChange(ProjectManagerView.java:391) ~[filemanager.jar:?]
	at java.beans.PropertyChangeSupport.fire(PropertyChangeSupport.java:343) ~[?:?]
	at java.beans.PropertyChangeSupport.firePropertyChange(PropertyChangeSupport.java:335) ~[?:?]
	at java.beans.PropertyChangeSupport.firePropertyChange(PropertyChangeSupport.java:268) ~[?:?]
	at com.st.microxplorer.util.MXPropertyChangeSupport.firePropertyChange(MXPropertyChangeSupport.java:54) ~[STM32CubeMX.jar:?]
	at com.st.microxplorer.mxsystem.MxSystem.closeConfig(MxSystem.java:900) ~[STM32CubeMX.jar:?]
	at com.st.microxplorer.maingui.MainPanel.closeConfig(MainPanel.java:781) ~[STM32CubeMX.jar:?]
	at com.st.microxplorer.plugins.filemanager.engine.OpenFileManager.loadConfigurationFile(OpenFileManager.java:265) ~[filemanager.jar:?]
	at com.st.microxplorer.plugins.filemanager.engine.MainFileManager.userLoadConfig(MainFileManager.java:352) ~[filemanager.jar:?]
	at com.st.microxplorer.plugins.filemanager.engine.MainFileManager.userLoadConfig(MainFileManager.java:330) ~[filemanager.jar:?]
	at com.st.microxplorer.plugins.filemanager.FileManagerView.getSpecificTask(FileManagerView.java:246) ~[filemanager.jar:?]
	at com.st.stm32cube.common.mx.editor.CubeMxEditor.getMxTabbedPaneInstance(CubeMxEditor.java:1198) ~[com.st.stm32cube.common.mx_6.12.1.202409122256/:?]
	at com.st.stm32cube.common.mx.editor.CubeMxEditor$12$1.createSwingComponent(CubeMxEditor.java:1068) ~[com.st.stm32cube.common.mx_6.12.1.202409122256/:?]
	at com.st.stm32cube.common.mx.oss.core.awtswtbridge.EmbeddedSwingComposite.doComponentCreation(EmbeddedSwingComposite.java:492) ~[com.st.stm32cube.common.mx.oss_6.12.1.202409122256/:?]
	at com.st.stm32cube.common.mx.oss.core.awtswtbridge.EmbeddedSwingComposite$4.run(EmbeddedSwingComposite.java:291) ~[com.st.stm32cube.common.mx.oss_6.12.1.202409122256/:?]
	at com.st.stm32cube.common.mx.oss.core.awtswtbridge.AwtEnvironment$2.run(AwtEnvironment.java:166) ~[com.st.stm32cube.common.mx.oss_6.12.1.202409122256/:?]
	at java.awt.event.InvocationEvent.dispatch(InvocationEvent.java:318) ~[?:?]
	at java.awt.EventQueue.dispatchEventImpl(EventQueue.java:773) ~[?:?]
	at java.awt.EventQueue$4.run(EventQueue.java:720) ~[?:?]
	at java.awt.EventQueue$4.run(EventQueue.java:714) ~[?:?]
	at java.security.AccessController.doPrivileged(AccessController.java:399) ~[?:?]
	at java.security.ProtectionDomain$JavaSecurityAccessImpl.doIntersectionPrivilege(ProtectionDomain.java:86) ~[?:?]
	at java.awt.EventQueue.dispatchEvent(EventQueue.java:742) ~[?:?]
	at java.awt.EventDispatchThread.pumpOneEventForFilters(EventDispatchThread.java:203) ~[?:?]
	at java.awt.EventDispatchThread.pumpEventsForFilter(EventDispatchThread.java:124) ~[?:?]
	at java.awt.EventDispatchThread.pumpEventsForHierarchy(EventDispatchThread.java:113) ~[?:?]
	at java.awt.EventDispatchThread.pumpEvents(EventDispatchThread.java:109) ~[?:?]
	at java.awt.EventDispatchThread.pumpEvents(EventDispatchThread.java:101) ~[?:?]
	at java.awt.EventDispatchThread.run(EventDispatchThread.java:90) ~[?:?]
2025-09-25 16:43:43,784 [WARN] ThirdParty:871 - waiting for thirdparty lock release [close project]
2025-09-25 16:43:43,784 [INFO] ThirdParty:873 - entering critical section [close project]
2025-09-25 16:43:43,784 [INFO] ThirdParty:883 - exiting critical section [close project]
2025-09-25 16:43:43,786 [INFO] PinOutPanel:1561 - setPackage(No Configuration,No Configuration)
2025-09-25 16:43:43,806 [INFO] UtilMem:75 - Begin LoadConfig() Used Memory: 750643952 Bytes (1073741824)
2025-09-25 16:43:43,807 [INFO] MicroXplorer:468 - Change Database Path : 
2025-09-25 16:43:43,807 [INFO] MicroXplorer:498 - Change Database Version : DB.6.0.121
2025-09-25 16:43:43,807 [INFO] OpenFileManager:332 - Change cursor
2025-09-25 16:43:43,849 [INFO] RulesReader:64 - Compatibility file has been processed (297 Rules)
2025-09-25 16:43:43,877 [INFO] Mcu:2032 - Initializing MCU STM32L476RGTx STM32L476RGTx STM32L476RGT6
2025-09-25 16:43:47,357 [INFO] Context:742 - Trying to add GPIOservice into a context  which must be forbidden
2025-09-25 16:43:47,970 [INFO] ImportTextPane:205 - (OptionalMessage_ERROR) Unable to find key (Mcu.ThirdPartyNb) in loaded IOC file
2025-09-25 16:43:47,970 [INFO] ImportTextPane:205 - (OptionalMessage_ERROR) Unable to find key (Mcu.PinsNb) in loaded IOC file
2025-09-25 16:43:47,970 [INFO] ImportTextPane:205 - (OptionalMessage_ERROR) Unable to find key (Mcu.IPNb) in loaded IOC file
2025-09-25 16:43:48,189 [INFO] RtosManager:555 - Registered RTOS mode: class=CMSIS, group=RTOS, mode=CMSIS_V1, owner=FREERTOS
2025-09-25 16:43:48,190 [INFO] RtosManager:555 - Registered RTOS mode: class=CMSIS, group=RTOS2, mode=CMSIS_V2, owner=FREERTOS
2025-09-25 16:43:48,190 [INFO] RtosManager:555 - Registered RTOS mode: class=RTOS, group=Core, mode=CMSIS_V1, owner=FREERTOS
2025-09-25 16:43:48,190 [INFO] RtosManager:555 - Registered RTOS mode: class=RTOS, group=Core, mode=CMSIS_V2, owner=FREERTOS
2025-09-25 16:43:48,190 [WARN] ModelIntegratedComponent:184 - Missing modes for component STMicroelectronics:FreeRTOS:0.0.1:STMicroelectronics:RTOS:FreeRTOS:Core:::10.2.0:
2025-09-25 16:43:48,195 [WARN] ModelIntegratedComponent:63 - No mode defined for component null
2025-09-25 16:43:48,195 [WARN] ModelIntegratedComponent:63 - No mode defined for component null
2025-09-25 16:43:48,195 [WARN] ModelIntegratedComponent:63 - No mode defined for component null
2025-09-25 16:43:48,195 [WARN] ModelIntegratedComponent:63 - No mode defined for component null
2025-09-25 16:43:48,195 [WARN] ModelIntegratedComponent:63 - No mode defined for component null
2025-09-25 16:43:48,195 [WARN] ModelIntegratedComponent:63 - No mode defined for component null
2025-09-25 16:43:48,195 [WARN] ModelIntegratedComponent:63 - No mode defined for component null
2025-09-25 16:43:48,195 [WARN] ModelIntegratedComponent:63 - No mode defined for component null
2025-09-25 16:43:48,195 [WARN] ModelIntegratedComponent:63 - No mode defined for component null
2025-09-25 16:43:48,195 [WARN] ModelIntegratedComponent:63 - No mode defined for component null
2025-09-25 16:43:48,195 [WARN] ModelIntegratedComponent:63 - No mode defined for component null
2025-09-25 16:43:48,195 [WARN] ModelIntegratedComponent:63 - No mode defined for component null
2025-09-25 16:43:48,195 [WARN] ModelIntegratedComponent:63 - No mode defined for component null
2025-09-25 16:43:48,195 [WARN] ModelIntegratedComponent:63 - No mode defined for component null
2025-09-25 16:43:48,195 [WARN] ModelIntegratedComponent:63 - No mode defined for component null
2025-09-25 16:43:48,195 [WARN] ModelIntegratedComponent:63 - No mode defined for component null
2025-09-25 16:43:48,195 [WARN] ModelIntegratedComponent:63 - No mode defined for component null
2025-09-25 16:43:48,195 [WARN] ModelIntegratedComponent:63 - No mode defined for component null
2025-09-25 16:43:48,195 [WARN] ModelIntegratedComponent:63 - No mode defined for component null
2025-09-25 16:43:48,195 [WARN] ModelIntegratedComponent:63 - No mode defined for component null
2025-09-25 16:43:48,195 [WARN] ModelIntegratedComponent:63 - No mode defined for component null
2025-09-25 16:43:48,197 [WARN] ModelIntegratedComponent:63 - No mode defined for component null
2025-09-25 16:43:48,197 [WARN] ModelIntegratedComponent:63 - No mode defined for component null
2025-09-25 16:43:48,197 [WARN] ModelIntegratedComponent:63 - No mode defined for component null
2025-09-25 16:43:48,197 [WARN] ModelIntegratedComponent:63 - No mode defined for component null
2025-09-25 16:43:48,197 [WARN] ModelIntegratedComponent:63 - No mode defined for component null
2025-09-25 16:43:48,197 [WARN] ModelIntegratedComponent:63 - No mode defined for component null
2025-09-25 16:43:48,197 [WARN] ModelIntegratedComponent:63 - No mode defined for component null
2025-09-25 16:43:48,197 [WARN] ModelIntegratedComponent:63 - No mode defined for component null
2025-09-25 16:43:48,197 [WARN] ModelIntegratedComponent:63 - No mode defined for component null
2025-09-25 16:43:48,197 [WARN] ModelIntegratedComponent:63 - No mode defined for component null
2025-09-25 16:43:48,197 [WARN] ModelIntegratedComponent:63 - No mode defined for component null
2025-09-25 16:43:48,197 [WARN] ModelIntegratedComponent:63 - No mode defined for component null
2025-09-25 16:43:48,197 [WARN] ModelIntegratedComponent:63 - No mode defined for component null
2025-09-25 16:43:48,197 [WARN] ModelIntegratedComponent:63 - No mode defined for component null
2025-09-25 16:43:48,198 [WARN] ModelPack:524 - Component already loaded: STMicroelectronics:HAL Drivers:0.0.0:STMicroelectronics:Device:STMicro_Driver:XSPI:HAL::0.0.1:HAL_XSPI
2025-09-25 16:43:48,504 [INFO] ThirdPartyModel:298 - Start build external matchings
2025-09-25 16:43:50,866 [INFO] ThirdPartyModel:316 - End build external matchings
2025-09-25 16:43:51,428 [INFO] UtilMem:75 - End LoadConfig() Used Memory: 784699432 Bytes (1073741824)
2025-09-25 16:43:51,476 [WARN] ThirdParty:833 - waiting for thirdparty lock release [change project]
2025-09-25 16:43:51,477 [INFO] ThirdParty:835 - entering critical section [change project]
2025-09-25 16:43:51,477 [INFO] ThirdParty:1030 - CMSIS Pack Vendor :STMicroelectronics X-CUBE-PM33A1 1.0.0
2025-09-25 16:43:51,477 [INFO] ThirdParty:1030 - CMSIS Pack Vendor :STMicroelectronics USBPD 4.1
2025-09-25 16:43:51,477 [INFO] ThirdParty:1030 - CMSIS Pack Vendor :STMicroelectronics USB_HOST 2.0.0
2025-09-25 16:43:51,477 [INFO] ThirdParty:1030 - CMSIS Pack Vendor :STMicroelectronics FP-SNS-MOTENVWB1 1.4.0
2025-09-25 16:43:51,477 [INFO] ThirdParty:1030 - CMSIS Pack Vendor :STMicroelectronics X-CUBE-AZRTOS-F4 1.1.0
2025-09-25 16:43:51,477 [INFO] ThirdParty:1030 - CMSIS Pack Vendor :STMicroelectronics LIBJPEG 8.0.0
2025-09-25 16:43:51,477 [INFO] ThirdParty:1030 - CMSIS Pack Vendor :STMicroelectronics FP-ATR-ASTRA1 2.0.2
2025-09-25 16:43:51,477 [INFO] ThirdParty:1030 - CMSIS Pack Vendor :STMicroelectronics FP-ATR-ASTRA1 2.0.1
2025-09-25 16:43:51,477 [INFO] ThirdParty:1030 - CMSIS Pack Vendor :STMicroelectronics X-CUBE-SMBUS 2.1.0
2025-09-25 16:43:51,477 [INFO] ThirdParty:1030 - CMSIS Pack Vendor :STMicroelectronics X-CUBE-WB05N 1.1.0
2025-09-25 16:43:51,477 [INFO] ThirdParty:1030 - CMSIS Pack Vendor :STMicroelectronics X-CUBE-ISPU 2.1.0
2025-09-25 16:43:51,477 [INFO] ThirdParty:1030 - CMSIS Pack Vendor :STMicroelectronics X-CUBE-FREERTOS 1.2.0
2025-09-25 16:43:51,478 [INFO] ThirdParty:1030 - CMSIS Pack Vendor :STMicroelectronics X-CUBE-NFC12 1.0.0
2025-09-25 16:43:51,478 [INFO] ThirdParty:1030 - CMSIS Pack Vendor :STMicroelectronics X-CUBE-AZRTOS-F7 1.1.0
2025-09-25 16:43:51,478 [INFO] ThirdParty:1030 - CMSIS Pack Vendor :STMicroelectronics X-CUBE-AZRTOS-L5 2.0.0
2025-09-25 16:43:51,478 [INFO] ThirdParty:1030 - CMSIS Pack Vendor :STMicroelectronics USB_DEVICE 2.0.0
2025-09-25 16:43:51,478 [INFO] ThirdParty:1030 - CMSIS Pack Vendor :STMicroelectronics X-CUBE-NFC6 3.1.0
2025-09-25 16:43:51,478 [INFO] ThirdParty:1030 - CMSIS Pack Vendor :STMicroelectronics X-CUBE-MEMS1 11.0.0
2025-09-25 16:43:51,478 [INFO] ThirdParty:1030 - CMSIS Pack Vendor :STMicroelectronics FreeRTOS 0.0.1
2025-09-25 16:43:51,478 [INFO] ThirdParty:1030 - CMSIS Pack Vendor :STMicroelectronics X-CUBE-DPower 1.2.0
2025-09-25 16:43:51,478 [INFO] ThirdParty:1030 - CMSIS Pack Vendor :STMicroelectronics FP-SNS-FLIGHT1 5.0.2
2025-09-25 16:43:51,478 [INFO] ThirdParty:1030 - CMSIS Pack Vendor :STMicroelectronics PDM2PCM 3.3.0
2025-09-25 16:43:51,478 [INFO] ThirdParty:1030 - CMSIS Pack Vendor :STMicroelectronics X-CUBE-AZRTOS-H7 3.4.0
2025-09-25 16:43:51,478 [INFO] ThirdParty:1030 - CMSIS Pack Vendor :STMicroelectronics X-CUBE-DISPLAY 3.0.0
2025-09-25 16:43:51,478 [INFO] ThirdParty:1030 - CMSIS Pack Vendor :STMicroelectronics X-CUBE-BLE1 7.0.0
2025-09-25 16:43:51,478 [INFO] ThirdParty:1030 - CMSIS Pack Vendor :STMicroelectronics X-CUBE-NFC10 1.0.0
2025-09-25 16:43:51,478 [INFO] ThirdParty:1030 - CMSIS Pack Vendor :STMicroelectronics X-CUBE-BLEMGR 4.0.0
2025-09-25 16:43:51,478 [INFO] ThirdParty:1030 - CMSIS Pack Vendor :STMicroelectronics X-CUBE-FREERTOS 1.3.1
2025-09-25 16:43:51,479 [INFO] ThirdParty:1030 - CMSIS Pack Vendor :STMicroelectronics HAL Drivers 0.0.0
2025-09-25 16:43:51,479 [INFO] ThirdParty:1030 - CMSIS Pack Vendor :emotas I-CUBE-CANOPEN 1.3.0
2025-09-25 16:43:51,479 [INFO] ThirdParty:1030 - CMSIS Pack Vendor :STMicroelectronics X-CUBE-FREERTOS 1.3.0
2025-09-25 16:43:51,479 [INFO] ThirdParty:1030 - CMSIS Pack Vendor :STMicroelectronics X-CUBE-NFC7 1.0.1
2025-09-25 16:43:51,479 [INFO] ThirdParty:1030 - CMSIS Pack Vendor :STMicroelectronics MBEDTLS 2.14.1
2025-09-25 16:43:51,479 [INFO] ThirdParty:1030 - CMSIS Pack Vendor :STMicroelectronics X-CUBE-BLEMGR 3.1.0
2025-09-25 16:43:51,479 [INFO] ThirdParty:1030 - CMSIS Pack Vendor :STMicroelectronics X-CUBE-AI 10.0.0
2025-09-25 16:43:51,479 [INFO] ThirdParty:1030 - CMSIS Pack Vendor :STMicroelectronics FP-SNS-SMARTAG2 1.2.0
2025-09-25 16:43:51,480 [INFO] ThirdParty:1030 - CMSIS Pack Vendor :STMicroelectronics X-CUBE-MEMS1 11.1.0
2025-09-25 16:43:51,480 [INFO] ThirdParty:1030 - CMSIS Pack Vendor :STMicroelectronics X-CUBE-AZRTOS-WL 2.0.0
2025-09-25 16:43:51,480 [INFO] ThirdParty:1030 - CMSIS Pack Vendor :STMicroelectronics X-CUBE-DPower 1.3.0
2025-09-25 16:43:51,480 [INFO] ThirdParty:1030 - CMSIS Pack Vendor :STMicroelectronics FP-SNS-MOTENV1 5.0.0
2025-09-25 16:43:51,480 [INFO] ThirdParty:1030 - CMSIS Pack Vendor :STMicroelectronics USB_DEVICE 1.0.0
2025-09-25 16:43:51,480 [INFO] ThirdParty:1030 - CMSIS Pack Vendor :wolfSSL I-CUBE-wolfMQTT 1.19.0
2025-09-25 16:43:51,480 [INFO] ThirdParty:1030 - CMSIS Pack Vendor :STMicroelectronics X-CUBE-AZRTOS-L4 2.0.0
2025-09-25 16:43:51,480 [INFO] ThirdParty:1030 - CMSIS Pack Vendor :STMicroelectronics ThreadX 0.0.2
2025-09-25 16:43:51,480 [INFO] ThirdParty:1030 - CMSIS Pack Vendor :WES I-CUBE-Cesium 1.3.0
2025-09-25 16:43:51,480 [INFO] ThirdParty:1030 - CMSIS Pack Vendor :STMicroelectronics lwIP 2.1.2
2025-09-25 16:43:51,480 [INFO] ThirdParty:1030 - CMSIS Pack Vendor :STMicroelectronics X-CUBE-SFXS2LP1 4.0.0
2025-09-25 16:43:51,480 [INFO] ThirdParty:1030 - CMSIS Pack Vendor :STMicroelectronics X-CUBE-BLE2 3.3.0
2025-09-25 16:43:51,480 [INFO] ThirdParty:1030 - CMSIS Pack Vendor :STMicroelectronics PDM2PCM 3.2.0
2025-09-25 16:43:51,480 [INFO] ThirdParty:1030 - CMSIS Pack Vendor :STMicroelectronics X-CUBE-AZRTOS-H7 3.3.0
2025-09-25 16:43:51,480 [INFO] ThirdParty:1030 - CMSIS Pack Vendor :STMicroelectronics X-CUBE-NFC9 1.0.0
2025-09-25 16:43:51,480 [INFO] ThirdParty:1030 - CMSIS Pack Vendor :STMicroelectronics X-CUBE-BLE1 7.1.0
2025-09-25 16:43:51,480 [INFO] ThirdParty:1030 - CMSIS Pack Vendor :STMicroelectronics USB_DEVICE 3.0.0
2025-09-25 16:43:51,480 [INFO] ThirdParty:1030 - CMSIS Pack Vendor :STMicroelectronics X-CUBE-TCPP 4.1.0
2025-09-25 16:43:51,480 [INFO] ThirdParty:1030 - CMSIS Pack Vendor :STMicroelectronics X-CUBE-EEPRMA1 5.2.0
2025-09-25 16:43:51,481 [INFO] ThirdParty:1030 - CMSIS Pack Vendor :STMicroelectronics X-CUBE-IPS 3.0.0
2025-09-25 16:43:51,481 [INFO] ThirdParty:1030 - CMSIS Pack Vendor :STMicroelectronics X-CUBE-AZRTOS-WB 2.0.0
2025-09-25 16:43:51,481 [INFO] ThirdParty:1030 - CMSIS Pack Vendor :STMicroelectronics X-CUBE-GNSS1 7.0.0
2025-09-25 16:43:51,481 [INFO] ThirdParty:1030 - CMSIS Pack Vendor :STMicroelectronics X-CUBE-GNSS1 7.0.1
2025-09-25 16:43:51,481 [INFO] ThirdParty:1030 - CMSIS Pack Vendor :STMicroelectronics X-CUBE-TOUCHGFX 4.25.0
2025-09-25 16:43:51,481 [INFO] ThirdParty:1030 - CMSIS Pack Vendor :STMicroelectronics FP-SNS-STBOX1 2.0.0
2025-09-25 16:43:51,481 [INFO] ThirdParty:1030 - CMSIS Pack Vendor :STMicroelectronics X-CUBE-AZRTOS-G0 1.1.0
2025-09-25 16:43:51,481 [INFO] ThirdParty:1030 - CMSIS Pack Vendor :STMicroelectronics X-CUBE-SAFEA1 1.2.2
2025-09-25 16:43:51,481 [INFO] ThirdParty:1030 - CMSIS Pack Vendor :STMicroelectronics X-CUBE-NFC4 3.0.0
2025-09-25 16:43:51,481 [INFO] ThirdParty:1030 - CMSIS Pack Vendor :STMicroelectronics X-CUBE-SUBG2 5.0.0
2025-09-25 16:43:51,481 [INFO] ThirdParty:1030 - CMSIS Pack Vendor :STMicroelectronics X-CUBE-AZRTOS-H7RS 1.1.0
2025-09-25 16:43:51,481 [INFO] ThirdParty:1030 - CMSIS Pack Vendor :STMicroelectronics STM32_WPAN 1.0.0
2025-09-25 16:43:51,481 [INFO] ThirdParty:1030 - CMSIS Pack Vendor :EmbeddedOffice I-CUBE-FS-RTOS 1.0.1
2025-09-25 16:43:51,481 [INFO] ThirdParty:1030 - CMSIS Pack Vendor :STMicroelectronics lwIP 2.0.3
2025-09-25 16:43:51,481 [INFO] ThirdParty:1030 - CMSIS Pack Vendor :Cesanta I-CUBE-Mongoose 7.13.0
2025-09-25 16:43:51,481 [INFO] ThirdParty:1030 - CMSIS Pack Vendor :STMicroelectronics USB_HOST 1.0.0
2025-09-25 16:43:51,481 [INFO] ThirdParty:1030 - CMSIS Pack Vendor :STMicroelectronics X-CUBE-AZRTOS-G4 2.0.0
2025-09-25 16:43:51,481 [INFO] ThirdParty:1030 - CMSIS Pack Vendor :STMicroelectronics X-CUBE-WB05N 2.0.0
2025-09-25 16:43:51,482 [INFO] ThirdParty:1030 - CMSIS Pack Vendor :STMicroelectronics PDM2PCM 3.1.0
2025-09-25 16:43:51,482 [INFO] ThirdParty:1030 - CMSIS Pack Vendor :STMicroelectronics X-CUBE-NFC7 2.0.0
2025-09-25 16:43:51,482 [INFO] ThirdParty:1030 - CMSIS Pack Vendor :RealThread X-CUBE-RT-Thread_Nano 4.1.1
2025-09-25 16:43:51,482 [INFO] ThirdParty:1030 - CMSIS Pack Vendor :STMicroelectronics FP-ATR-SIGFOX1 3.2.0
2025-09-25 16:43:51,482 [INFO] ThirdParty:1030 - CMSIS Pack Vendor :wolfSSL I-CUBE-wolfSSL 5.7.2
2025-09-25 16:43:51,482 [INFO] ThirdParty:1030 - CMSIS Pack Vendor :quantropi X-CUBE-qispace-sdk-base 1.9.3
2025-09-25 16:43:51,482 [INFO] ThirdParty:1030 - CMSIS Pack Vendor :STMicroelectronics X-CUBE-EEPRMA1 5.1.0
2025-09-25 16:43:51,482 [INFO] ThirdParty:1030 - CMSIS Pack Vendor :STMicroelectronics MBEDTLS 2.16.2
2025-09-25 16:43:51,482 [INFO] ThirdParty:1030 - CMSIS Pack Vendor :STMicroelectronics X-CUBE-ALS 1.0.2
2025-09-25 16:43:51,482 [INFO] ThirdParty:1030 - CMSIS Pack Vendor :ITTIA_DB I-CUBE-ITTIADB 8.9.0
2025-09-25 16:43:51,482 [INFO] ThirdParty:1030 - CMSIS Pack Vendor :STMicroelectronics X-CUBE-TOUCHGFX 4.24.2
2025-09-25 16:43:51,482 [INFO] ThirdParty:1030 - CMSIS Pack Vendor :STMicroelectronics X-CUBE-TOUCHGFX 4.24.1
2025-09-25 16:43:51,482 [INFO] ThirdParty:1030 - CMSIS Pack Vendor :STMicroelectronics X-CUBE-STSE01 1.0.0
2025-09-25 16:43:51,482 [INFO] ThirdParty:1030 - CMSIS Pack Vendor :wolfSSL I-CUBE-wolfTPM 3.4.0
2025-09-25 16:43:51,482 [INFO] ThirdParty:1030 - CMSIS Pack Vendor :portGmbH I-Cube-SoM-uGOAL 1.1.0
2025-09-25 16:43:51,482 [INFO] ThirdParty:1030 - CMSIS Pack Vendor :STMicroelectronics X-CUBE-AI 10.2.0
2025-09-25 16:43:51,482 [INFO] ThirdParty:1030 - CMSIS Pack Vendor :STMicroelectronics ThreadX 1.0.0
2025-09-25 16:43:51,483 [INFO] ThirdParty:1030 - CMSIS Pack Vendor :SEGGER I-CUBE-embOS 1.3.1
2025-09-25 16:43:51,483 [INFO] ThirdParty:1030 - CMSIS Pack Vendor :STMicroelectronics X-CUBE-ALGOBUILD 1.4.0
2025-09-25 16:43:51,483 [INFO] ThirdParty:1030 - CMSIS Pack Vendor :STMicroelectronics X-CUBE-MEMS1 11.3.0
2025-09-25 16:43:51,483 [INFO] ThirdParty:1030 - CMSIS Pack Vendor :STMicroelectronics X-CUBE-AZRTOS-H7RS 1.0.0
2025-09-25 16:43:51,483 [INFO] ThirdParty:1030 - CMSIS Pack Vendor :STMicroelectronics FP-ATR-ASTRA1 2.0.0
2025-09-25 16:43:51,483 [INFO] ThirdParty:1030 - CMSIS Pack Vendor :STMicroelectronics X-CUBE-TOF1 3.4.2
2025-09-25 16:43:51,483 [INFO] ThirdParty:1030 - CMSIS Pack Vendor :STMicroelectronics X-CUBE-AI 9.1.0
2025-09-25 16:43:51,483 [INFO] ThirdParty:1030 - CMSIS Pack Vendor :Infineon AIROC-Wi-Fi-Bluetooth-STM32 1.6.1
2025-09-25 16:43:51,483 [INFO] ThirdParty:1030 - CMSIS Pack Vendor :wolfSSL I-CUBE-wolfSSH 1.4.17
2025-09-25 16:43:51,483 [INFO] ThirdParty:841 - exiting critical section [change project]
2025-09-25 16:43:51,867 [INFO] PinOutPanel:1561 - setPackage(No Configuration,No Configuration)
2025-09-25 16:43:51,870 [INFO] PinOutPanel:1561 - setPackage(STM32L476RGTx,LQFP64)
2025-09-25 16:43:52,397 [INFO] UtilMem:75 - Before build in PCC Used Memory: 781855128 Bytes (1073741824)
2025-09-25 16:43:53,003 [INFO] UtilMem:75 - After build in PCC Used Memory: 862595480 Bytes (1073741824)
2025-09-25 16:43:53,040 [INFO] IPUIPlugin:80 - create IPUIPlugin
2025-09-25 16:43:53,040 [INFO] IPUIPlugin:80 - create IPUIPlugin
2025-09-25 16:43:53,041 [INFO] IPUIPlugin:80 - create IPUIPlugin
2025-09-25 16:43:53,041 [INFO] IPUIPlugin:80 - create IPUIPlugin
2025-09-25 16:43:53,041 [INFO] IPUIPlugin:80 - create IPUIPlugin
2025-09-25 16:43:53,041 [INFO] IPUIPlugin:80 - create IPUIPlugin
2025-09-25 16:43:53,041 [INFO] IPUIPlugin:80 - create IPUIPlugin
2025-09-25 16:43:53,041 [INFO] IPUIPlugin:80 - create IPUIPlugin
2025-09-25 16:43:53,041 [INFO] IPUIPlugin:80 - create IPUIPlugin
2025-09-25 16:43:53,041 [INFO] IPUIPlugin:80 - create IPUIPlugin
2025-09-25 16:43:53,041 [INFO] IPUIPlugin:80 - create IPUIPlugin
2025-09-25 16:43:53,042 [INFO] IPUIPlugin:80 - create IPUIPlugin
2025-09-25 16:43:53,042 [INFO] IPUIPlugin:80 - create IPUIPlugin
2025-09-25 16:43:53,042 [INFO] IPUIPlugin:80 - create IPUIPlugin
2025-09-25 16:43:53,042 [INFO] IPUIPlugin:80 - create IPUIPlugin
2025-09-25 16:43:53,042 [INFO] IPUIPlugin:80 - create IPUIPlugin
2025-09-25 16:43:53,043 [INFO] IPUIPlugin:80 - create IPUIPlugin
2025-09-25 16:43:53,043 [INFO] IPUIPlugin:80 - create IPUIPlugin
2025-09-25 16:43:53,044 [INFO] IPUIPlugin:80 - create IPUIPlugin
2025-09-25 16:43:53,044 [INFO] IPUIPlugin:80 - create IPUIPlugin
2025-09-25 16:43:53,044 [INFO] IPUIPlugin:80 - create IPUIPlugin
2025-09-25 16:43:53,045 [INFO] IPUIPlugin:80 - create IPUIPlugin
2025-09-25 16:43:53,045 [INFO] IPUIPlugin:80 - create IPUIPlugin
2025-09-25 16:43:53,045 [INFO] IPUIPlugin:80 - create IPUIPlugin
2025-09-25 16:43:53,046 [INFO] IPUIPlugin:80 - create IPUIPlugin
2025-09-25 16:43:53,046 [INFO] IPUIPlugin:80 - create IPUIPlugin
2025-09-25 16:43:53,047 [INFO] IPUIPlugin:80 - create IPUIPlugin
2025-09-25 16:43:53,047 [INFO] IPUIPlugin:80 - create IPUIPlugin
2025-09-25 16:43:53,047 [INFO] IPUIPlugin:80 - create IPUIPlugin
2025-09-25 16:43:53,048 [INFO] IPUIPlugin:80 - create IPUIPlugin
2025-09-25 16:43:53,048 [INFO] IPUIPlugin:80 - create IPUIPlugin
2025-09-25 16:43:53,049 [INFO] IPUIPlugin:80 - create IPUIPlugin
2025-09-25 16:43:53,049 [INFO] IPUIPlugin:80 - create IPUIPlugin
2025-09-25 16:43:53,050 [INFO] IPUIPlugin:80 - create IPUIPlugin
2025-09-25 16:43:53,050 [INFO] IPUIPlugin:80 - create IPUIPlugin
2025-09-25 16:43:53,051 [INFO] IPUIPlugin:80 - create IPUIPlugin
2025-09-25 16:43:53,051 [INFO] IPUIPlugin:80 - create IPUIPlugin
2025-09-25 16:43:53,051 [INFO] IPUIPlugin:80 - create IPUIPlugin
2025-09-25 16:43:53,052 [INFO] IPUIPlugin:80 - create IPUIPlugin
2025-09-25 16:43:53,052 [INFO] IPUIPlugin:80 - create IPUIPlugin
2025-09-25 16:43:53,053 [INFO] IPUIPlugin:80 - create IPUIPlugin
2025-09-25 16:43:53,053 [INFO] IPUIPlugin:80 - create IPUIPlugin
2025-09-25 16:43:53,053 [INFO] IPUIPlugin:80 - create IPUIPlugin
2025-09-25 16:43:53,054 [INFO] IPUIPlugin:80 - create IPUIPlugin
2025-09-25 16:43:53,054 [INFO] IPUIPlugin:80 - create IPUIPlugin
2025-09-25 16:43:53,055 [INFO] IPUIPlugin:80 - create IPUIPlugin
2025-09-25 16:43:53,055 [INFO] IPUIPlugin:80 - create IPUIPlugin
2025-09-25 16:43:53,056 [INFO] IPUIPlugin:80 - create IPUIPlugin
2025-09-25 16:43:53,057 [INFO] IPUIPlugin:80 - create IPUIPlugin
2025-09-25 16:43:53,057 [INFO] IPUIPlugin:80 - create IPUIPlugin
2025-09-25 16:43:53,058 [INFO] IPUIPlugin:80 - create IPUIPlugin
2025-09-25 16:43:53,059 [INFO] IPUIPlugin:80 - create IPUIPlugin
2025-09-25 16:43:53,059 [INFO] IPUIPlugin:80 - create IPUIPlugin
2025-09-25 16:43:53,060 [INFO] IPUIPlugin:80 - create IPUIPlugin
2025-09-25 16:43:53,061 [INFO] IPUIPlugin:80 - create IPUIPlugin
2025-09-25 16:43:53,062 [INFO] IPUIPlugin:80 - create IPUIPlugin
2025-09-25 16:43:53,062 [INFO] IPUIPlugin:80 - create IPUIPlugin
2025-09-25 16:43:53,064 [INFO] IPUIPlugin:80 - create IPUIPlugin
2025-09-25 16:43:53,065 [INFO] IPUIPlugin:80 - create IPUIPlugin
2025-09-25 16:43:53,124 [INFO] CADModel:165 - CPN selected for project levelSTM32L476RGT6
2025-09-25 16:43:53,125 [INFO] CADModel:114 - Register for checkConnection events
2025-09-25 16:43:53,192 [INFO] OpenFileManager:363 - Restore cursor
2025-09-25 16:43:53,803 [INFO] UtilMem:75 - End SaveConfig() Used Memory: 789535304 Bytes (1073741824)
2025-09-25 16:43:53,913 [INFO] UtilMem:75 - End SaveConfig() Used Memory: 774498024 Bytes (1073741824)
2025-09-25 16:43:54,108 [INFO] BlockDiagram:2766 - set Specific Code input for plugin: RCC
2025-09-25 16:43:54,108 [INFO] BlockDiagram:2766 - set Specific Code input for plugin: NVIC
2025-09-25 16:43:54,110 [INFO] CodeGenerator:807 - code generatio: config db path: C:\ST\STM32CubeIDE_1.16.1\STM32CubeIDE\plugins\com.st.stm32cube.common.mx_6.12.1.202409122256\\db\
2025-09-25 16:43:54,356 [INFO] CodeEngine:255 - oldGeneratedFile, C:\Users\enriq\Documents\CPE316FALL\ExecutionTime\MXTmpFiles\license.tmp_save
2025-09-25 16:43:54,548 [INFO] CodeEngine:279 - Generated code: C:\Users\enriq\Documents\CPE316FALL\ExecutionTime\MXTmpFiles\license.tmp
2025-09-25 16:43:54,587 [INFO] CodeEngine:255 - oldGeneratedFile, C:\Users\enriq\Documents\CPE316FALL\ExecutionTime\Core\Src\stm32l4xx_it.c_save
2025-09-25 16:43:54,932 [INFO] CodeEngine:279 - Generated code: C:\Users\enriq\Documents\CPE316FALL\ExecutionTime\Core\Src\stm32l4xx_it.c
2025-09-25 16:43:54,956 [INFO] CodeEngine:255 - oldGeneratedFile, C:\Users\enriq\Documents\CPE316FALL\ExecutionTime\Core\Inc\stm32l4xx_it.h_save
2025-09-25 16:43:55,112 [INFO] CodeEngine:279 - Generated code: C:\Users\enriq\Documents\CPE316FALL\ExecutionTime\Core\Inc\stm32l4xx_it.h
2025-09-25 16:43:55,239 [INFO] CodeEngine:255 - oldGeneratedFile, C:\Users\enriq\Documents\CPE316FALL\ExecutionTime\Core\Src\stm32l4xx_hal_msp.c_save
2025-09-25 16:43:55,445 [INFO] CodeEngine:279 - Generated code: C:\Users\enriq\Documents\CPE316FALL\ExecutionTime\Core\Src\stm32l4xx_hal_msp.c
2025-09-25 16:43:55,465 [INFO] CodeEngine:255 - oldGeneratedFile, C:\Users\enriq\Documents\CPE316FALL\ExecutionTime\MXTmpFiles\system.tmp_save
2025-09-25 16:43:55,584 [INFO] CodeEngine:279 - Generated code: C:\Users\enriq\Documents\CPE316FALL\ExecutionTime\MXTmpFiles\system.tmp
2025-09-25 16:43:55,618 [INFO] CodeEngine:311 - oldGeneratedFile, C:\Users\enriq\Documents\CPE316FALL\ExecutionTime\Core\Inc\stm32l4xx_hal_conf.h_save
2025-09-25 16:43:55,796 [INFO] CodeEngine:335 - Generated code: C:\Users\enriq\Documents\CPE316FALL\ExecutionTime\Core\Inc\stm32l4xx_hal_conf.h
2025-09-25 16:43:55,885 [INFO] CodeEngine:255 - oldGeneratedFile, C:\Users\enriq\Documents\CPE316FALL\ExecutionTime\Core\Inc\main.h_save
2025-09-25 16:43:56,066 [INFO] CodeEngine:279 - Generated code: C:\Users\enriq\Documents\CPE316FALL\ExecutionTime\Core\Inc\main.h
2025-09-25 16:43:56,088 [INFO] CodeEngine:255 - oldGeneratedFile, C:\Users\enriq\Documents\CPE316FALL\ExecutionTime\Core\Src\main.c_save
2025-09-25 16:43:56,285 [INFO] CodeEngine:279 - Generated code: C:\Users\enriq\Documents\CPE316FALL\ExecutionTime\Core\Src\main.c
2025-09-25 16:43:56,864 [INFO] ProjectBuilder:3249 - Time for Copy HAL[1] : 331mS.
2025-09-25 16:43:56,871 [INFO] ProjectBuilder:4828 - Project Generator version: 4.5.0-B34
2025-09-25 16:43:57,037 [INFO] ConfigFileManager:1531 - The Die is : DIE415
2025-09-25 16:43:57,061 [INFO] ApiDbMcu:508 - Load IP Config File for FATFS
2025-09-25 16:43:57,089 [INFO] ApiDbMcu:508 - Load IP Config File for FREERTOS
2025-09-25 16:43:57,137 [INFO] ApiDbMcu:508 - Load IP Config File for TOUCHSENSING
2025-09-25 16:43:57,168 [INFO] ApiDbMcu:508 - Load IP Config File for USB_DEVICE
2025-09-25 16:43:57,191 [INFO] ApiDbMcu:508 - Load IP Config File for USB_HOST
2025-09-25 16:44:00,552 [INFO] ProjectBuilder:5097 - Time for Generating toolchain IDE Files: 3680mS.
2025-09-25 16:44:00,553 [INFO] ProjectBuilder:3107 - Time for Copy CMSIS : 1mS.
2025-09-25 16:44:00,557 [INFO] ProjectBuilder:3107 - Time for Copy CMSIS : 0mS.
2025-09-25 16:44:01,600 [INFO] McuFinderGlobals:76 - Set McuFinderConnectedMode to true
2025-09-25 16:44:01,604 [INFO] ApiDb:448 - Save user favorites file C:\Users\enriq/.stm32cubeide/favorites.mcus.txt: 1 item(s)
2025-09-25 16:44:01,604 [INFO] ApiDb:452 - User favorites MCUs=[STM32L476RGT6]
2025-09-25 16:44:23,362 [INFO] UtilMem:75 - End SaveConfig() Used Memory: 765460624 Bytes (1073741824)
2025-09-25 16:44:25,413 [INFO] UtilMem:75 - End SaveConfig() Used Memory: 796917904 Bytes (1073741824)
2025-09-25 16:44:29,116 [INFO] UtilMem:75 - End SaveConfig() Used Memory: 899678352 Bytes (1073741824)
2025-09-25 16:44:29,323 [INFO] BlockDiagram:2766 - set Specific Code input for plugin: RCC
2025-09-25 16:44:29,323 [INFO] BlockDiagram:2766 - set Specific Code input for plugin: NVIC
2025-09-25 16:44:29,324 [INFO] BlockDiagram:2766 - set Specific Code input for plugin: GPIO
2025-09-25 16:44:29,325 [INFO] CodeGenerator:807 - code generatio: config db path: C:\ST\STM32CubeIDE_1.16.1\STM32CubeIDE\plugins\com.st.stm32cube.common.mx_6.12.1.202409122256\\db\
2025-09-25 16:44:29,444 [INFO] CodeEngine:255 - oldGeneratedFile, C:\Users\enriq\Documents\CPE316FALL\ExecutionTime\MXTmpFiles\license.tmp_save
2025-09-25 16:44:29,611 [INFO] CodeEngine:279 - Generated code: C:\Users\enriq\Documents\CPE316FALL\ExecutionTime\MXTmpFiles\license.tmp
2025-09-25 16:44:29,683 [INFO] CodeEngine:255 - oldGeneratedFile, C:\Users\enriq\Documents\CPE316FALL\ExecutionTime\MXTmpFiles\gpio.tmp_save
2025-09-25 16:44:29,843 [INFO] CodeEngine:279 - Generated code: C:\Users\enriq\Documents\CPE316FALL\ExecutionTime\MXTmpFiles\gpio.tmp
2025-09-25 16:44:29,882 [INFO] CodeEngine:255 - oldGeneratedFile, C:\Users\enriq\Documents\CPE316FALL\ExecutionTime\Core\Src\stm32l4xx_it.c_save
2025-09-25 16:44:30,042 [INFO] CodeEngine:279 - Generated code: C:\Users\enriq\Documents\CPE316FALL\ExecutionTime\Core\Src\stm32l4xx_it.c
2025-09-25 16:44:30,052 [INFO] CodeEngine:255 - oldGeneratedFile, C:\Users\enriq\Documents\CPE316FALL\ExecutionTime\Core\Inc\stm32l4xx_it.h_save
2025-09-25 16:44:30,154 [INFO] CodeEngine:279 - Generated code: C:\Users\enriq\Documents\CPE316FALL\ExecutionTime\Core\Inc\stm32l4xx_it.h
2025-09-25 16:44:30,203 [INFO] CodeEngine:255 - oldGeneratedFile, C:\Users\enriq\Documents\CPE316FALL\ExecutionTime\Core\Src\stm32l4xx_hal_msp.c_save
2025-09-25 16:44:30,342 [INFO] CodeEngine:279 - Generated code: C:\Users\enriq\Documents\CPE316FALL\ExecutionTime\Core\Src\stm32l4xx_hal_msp.c
2025-09-25 16:44:30,349 [INFO] CodeEngine:255 - oldGeneratedFile, C:\Users\enriq\Documents\CPE316FALL\ExecutionTime\MXTmpFiles\system.tmp_save
2025-09-25 16:44:30,445 [INFO] CodeEngine:279 - Generated code: C:\Users\enriq\Documents\CPE316FALL\ExecutionTime\MXTmpFiles\system.tmp
2025-09-25 16:44:30,481 [INFO] CodeEngine:311 - oldGeneratedFile, C:\Users\enriq\Documents\CPE316FALL\ExecutionTime\Core\Inc\stm32l4xx_hal_conf.h_save
2025-09-25 16:44:30,652 [INFO] CodeEngine:335 - Generated code: C:\Users\enriq\Documents\CPE316FALL\ExecutionTime\Core\Inc\stm32l4xx_hal_conf.h
2025-09-25 16:44:30,726 [INFO] CodeEngine:255 - oldGeneratedFile, C:\Users\enriq\Documents\CPE316FALL\ExecutionTime\Core\Inc\main.h_save
2025-09-25 16:44:30,869 [INFO] CodeEngine:279 - Generated code: C:\Users\enriq\Documents\CPE316FALL\ExecutionTime\Core\Inc\main.h
2025-09-25 16:44:30,896 [INFO] CodeEngine:255 - oldGeneratedFile, C:\Users\enriq\Documents\CPE316FALL\ExecutionTime\Core\Src\main.c_save
2025-09-25 16:44:31,088 [INFO] CodeEngine:279 - Generated code: C:\Users\enriq\Documents\CPE316FALL\ExecutionTime\Core\Src\main.c
2025-09-25 16:44:31,677 [INFO] ProjectBuilder:3249 - Time for Copy HAL[1] : 332mS.
2025-09-25 16:44:31,684 [INFO] ProjectBuilder:4828 - Project Generator version: 4.5.0-B34
2025-09-25 16:44:31,860 [INFO] ConfigFileManager:1531 - The Die is : DIE415
2025-09-25 16:44:32,872 [INFO] ProjectBuilder:5097 - Time for Generating toolchain IDE Files: 1188mS.
2025-09-25 16:44:32,873 [INFO] ProjectBuilder:3107 - Time for Copy CMSIS : 1mS.
2025-09-25 16:44:32,879 [INFO] ProjectBuilder:3107 - Time for Copy CMSIS : 0mS.
